# JRE version: OpenJDK Runtime Environment (8.0_152-b01) (build 1.8.0_152-release-1343-b01)
# Java VM: OpenJDK 64-Bit Server VM (25.152-b01 mixed mode windows-amd64 compressed oops)
Heap:
 PSYoungGen      total 254464K, used 43464K [0x00000000eab00000, 0x00000000ffb80000, 0x0000000100000000)
  eden space 188416K, 0% used [0x00000000eab00000,0x00000000eab00000,0x00000000f6300000)
  from space 66048K, 65% used [0x00000000f6300000,0x00000000f8d72218,0x00000000fa380000)
  to   space 67072K, 0% used [0x00000000fba00000,0x00000000fba00000,0x00000000ffb80000)
 ParOldGen       total 189952K, used 90234K [0x00000000c0000000, 0x00000000cb980000, 0x00000000eab00000)
  object space 189952K, 47% used [0x00000000c0000000,0x00000000c581e9c8,0x00000000cb980000)
 Metaspace       used 92972K, capacity 98540K, committed 98560K, reserved 1134592K
  class space    used 11797K, capacity 13165K, committed 13184K, reserved 1048576K
GC Heap History (10 events):
Event: 3068.883 GC heap after
Heap after GC invocations=24 (full 3):
 PSYoungGen      total 251904K, used 46710K [0x00000000eab00000, 0x00000000ff300000, 0x0000000100000000)
  eden space 204800K, 0% used [0x00000000eab00000,0x00000000eab00000,0x00000000f7300000)
  from space 47104K, 99% used [0x00000000f7900000,0x00000000fa69db00,0x00000000fa700000)
  to   space 65536K, 0% used [0x00000000fb300000,0x00000000fb300000,0x00000000ff300000)
 ParOldGen       total 189952K, used 90202K [0x00000000c0000000, 0x00000000cb980000, 0x00000000eab00000)
  object space 189952K, 47% used [0x00000000c0000000,0x00000000c58169c8,0x00000000cb980000)
 Metaspace       used 91263K, capacity 96454K, committed 96640K, reserved 1132544K
  class space    used 11649K, capacity 12900K, committed 12928K, reserved 1048576K
}
Event: 3089.135 GC heap before
{Heap before GC invocations=25 (full 3):
 PSYoungGen      total 251904K, used 251510K [0x00000000eab00000, 0x00000000ff300000, 0x0000000100000000)
  eden space 204800K, 100% used [0x00000000eab00000,0x00000000f7300000,0x00000000f7300000)
  from space 47104K, 99% used [0x00000000f7900000,0x00000000fa69db00,0x00000000fa700000)
  to   space 65536K, 0% used [0x00000000fb300000,0x00000000fb300000,0x00000000ff300000)
 ParOldGen       total 189952K, used 90202K [0x00000000c0000000, 0x00000000cb980000, 0x00000000eab00000)
  object space 189952K, 47% used [0x00000000c0000000,0x00000000c58169c8,0x00000000cb980000)
 Metaspace       used 92039K, capacity 97446K, committed 97536K, reserved 1134592K
  class space    used 11699K, capacity 12999K, committed 13056K, reserved 1048576K
Event: 3089.164 GC heap after
Heap after GC invocations=25 (full 3):
 PSYoungGen      total 257024K, used 35996K [0x00000000eab00000, 0x00000000feb80000, 0x0000000100000000)
  eden space 199168K, 0% used [0x00000000eab00000,0x00000000eab00000,0x00000000f6d80000)
  from space 57856K, 62% used [0x00000000fb300000,0x00000000fd627108,0x00000000feb80000)
  to   space 64512K, 0% used [0x00000000f6d80000,0x00000000f6d80000,0x00000000fac80000)
 ParOldGen       total 189952K, used 90210K [0x00000000c0000000, 0x00000000cb980000, 0x00000000eab00000)
  object space 189952K, 47% used [0x00000000c0000000,0x00000000c58189c8,0x00000000cb980000)
 Metaspace       used 92039K, capacity 97446K, committed 97536K, reserved 1134592K
  class space    used 11699K, capacity 12999K, committed 13056K, reserved 1048576K
}
Event: 3452.974 GC heap before
{Heap before GC invocations=26 (full 3):
 PSYoungGen      total 257024K, used 235164K [0x00000000eab00000, 0x00000000feb80000, 0x0000000100000000)
  eden space 199168K, 100% used [0x00000000eab00000,0x00000000f6d80000,0x00000000f6d80000)
  from space 57856K, 62% used [0x00000000fb300000,0x00000000fd627108,0x00000000feb80000)
  to   space 64512K, 0% used [0x00000000f6d80000,0x00000000f6d80000,0x00000000fac80000)
 ParOldGen       total 189952K, used 90210K [0x00000000c0000000, 0x00000000cb980000, 0x00000000eab00000)
  object space 189952K, 47% used [0x00000000c0000000,0x00000000c58189c8,0x00000000cb980000)
 Metaspace       used 92507K, capacity 97962K, committed 98176K, reserved 1134592K
  class space    used 11749K, capacity 13074K, committed 13184K, reserved 1048576K
Event: 3453.028 GC heap after
Heap after GC invocations=26 (full 3):
 PSYoungGen      total 236032K, used 42036K [0x00000000eab00000, 0x00000000fe800000, 0x0000000100000000)
  eden space 193536K, 0% used [0x00000000eab00000,0x00000000eab00000,0x00000000f6800000)
  from space 42496K, 98% used [0x00000000f6d80000,0x00000000f968d190,0x00000000f9700000)
  to   space 65536K, 0% used [0x00000000fa800000,0x00000000fa800000,0x00000000fe800000)
 ParOldGen       total 189952K, used 90218K [0x00000000c0000000, 0x00000000cb980000, 0x00000000eab00000)
  object space 189952K, 47% used [0x00000000c0000000,0x00000000c581a9c8,0x00000000cb980000)
 Metaspace       used 92507K, capacity 97962K, committed 98176K, reserved 1134592K
  class space    used 11749K, capacity 13074K, committed 13184K, reserved 1048576K
}
Event: 3465.800 GC heap before
{Heap before GC invocations=27 (full 3):
 PSYoungGen      total 236032K, used 235572K [0x00000000eab00000, 0x00000000fe800000, 0x0000000100000000)
  eden space 193536K, 100% used [0x00000000eab00000,0x00000000f6800000,0x00000000f6800000)
  from space 42496K, 98% used [0x00000000f6d80000,0x00000000f968d190,0x00000000f9700000)
  to   space 65536K, 0% used [0x00000000fa800000,0x00000000fa800000,0x00000000fe800000)
 ParOldGen       total 189952K, used 90218K [0x00000000c0000000, 0x00000000cb980000, 0x00000000eab00000)
  object space 189952K, 47% used [0x00000000c0000000,0x00000000c581a9c8,0x00000000cb980000)
 Metaspace       used 92905K, capacity 98534K, committed 98560K, reserved 1134592K
  class space    used 11795K, capacity 13164K, committed 13184K, reserved 1048576K
Event: 3465.824 GC heap after
Heap after GC invocations=27 (full 3):
 PSYoungGen      total 249856K, used 41299K [0x00000000eab00000, 0x00000000fe400000, 0x0000000100000000)
  eden space 188416K, 0% used [0x00000000eab00000,0x00000000eab00000,0x00000000f6300000)
  from space 61440K, 67% used [0x00000000fa800000,0x00000000fd054f50,0x00000000fe400000)
  to   space 66048K, 0% used [0x00000000f6300000,0x00000000f6300000,0x00000000fa380000)
 ParOldGen       total 189952K, used 90226K [0x00000000c0000000, 0x00000000cb980000, 0x00000000eab00000)
  object space 189952K, 47% used [0x00000000c0000000,0x00000000c581c9c8,0x00000000cb980000)
 Metaspace       used 92905K, capacity 98534K, committed 98560K, reserved 1134592K
  class space    used 11795K, capacity 13164K, committed 13184K, reserved 1048576K
}
Event: 3466.805 GC heap before
{Heap before GC invocations=28 (full 3):
 PSYoungGen      total 249856K, used 102313K [0x00000000eab00000, 0x00000000fe400000, 0x0000000100000000)
  eden space 188416K, 32% used [0x00000000eab00000,0x00000000ee695858,0x00000000f6300000)
  from space 61440K, 67% used [0x00000000fa800000,0x00000000fd054f50,0x00000000fe400000)
  to   space 66048K, 0% used [0x00000000f6300000,0x00000000f6300000,0x00000000fa380000)
 ParOldGen       total 189952K, used 90226K [0x00000000c0000000, 0x00000000cb980000, 0x00000000eab00000)
  object space 189952K, 47% used [0x00000000c0000000,0x00000000c581c9c8,0x00000000cb980000)
 Metaspace       used 92972K, capacity 98540K, committed 98560K, reserved 1134592K
  class space    used 11797K, capacity 13165K, committed 13184K, reserved 1048576K
Event: 3466.866 GC heap after
Heap after GC invocations=28 (full 3):
 PSYoungGen      total 254464K, used 43464K [0x00000000eab00000, 0x00000000ffb80000, 0x0000000100000000)
  eden space 188416K, 0% used [0x00000000eab00000,0x00000000eab00000,0x00000000f6300000)
  from space 66048K, 65% used [0x00000000f6300000,0x00000000f8d72218,0x00000000fa380000)
  to   space 67072K, 0% used [0x00000000fba00000,0x00000000fba00000,0x00000000ffb80000)
 ParOldGen       total 189952K, used 90234K [0x00000000c0000000, 0x00000000cb980000, 0x00000000eab00000)
  object space 189952K, 47% used [0x00000000c0000000,0x00000000c581e9c8,0x00000000cb980000)
 Metaspace       used 92972K, capacity 98540K, committed 98560K, reserved 1134592K
  class space    used 11797K, capacity 13165K, committed 13184K, reserved 1048576K
}
Event: 3466.866 GC heap before
{Heap before GC invocations=29 (full 4):
 PSYoungGen      total 254464K, used 43464K [0x00000000eab00000, 0x00000000ffb80000, 0x0000000100000000)
  eden space 188416K, 0% used [0x00000000eab00000,0x00000000eab00000,0x00000000f6300000)
  from space 66048K, 65% used [0x00000000f6300000,0x00000000f8d72218,0x00000000fa380000)
  to   space 67072K, 0% used [0x00000000fba00000,0x00000000fba00000,0x00000000ffb80000)
 ParOldGen       total 189952K, used 90234K [0x00000000c0000000, 0x00000000cb980000, 0x00000000eab00000)
  object space 189952K, 47% used [0x00000000c0000000,0x00000000c581e9c8,0x00000000cb980000)
 Metaspace       used 92972K, capacity 98540K, committed 98560K, reserved 1134592K
  class space    used 11797K, capacity 13165K, committed 13184K, reserved 1048576K

